This file contains any messages produced by compilers while
running configure, to aid debugging if configure makes a mistake.

It was created by ruijieclient configure 1.0-rc1, which was
generated by GNU Autoconf 2.68.  Invocation command line was

  $ ./configure --host=mips-linux

## --------- ##
## Platform. ##
## --------- ##

hostname = lp
uname -m = i686
uname -r = 3.2.0-4-686-pae
uname -s = Linux
uname -v = #1 SMP Debian 3.2.60-1+deb7u1

/usr/bin/uname -p = unknown
/bin/uname -X     = unknown

/bin/arch              = unknown
/usr/bin/arch -k       = unknown
/usr/convex/getsysinfo = unknown
/usr/bin/hostinfo      = unknown
/bin/machine           = unknown
/usr/bin/oslevel       = unknown
/bin/universe          = unknown

PATH: /opt/tool/rtl/bin
PATH: /opt/tool/rtl/bin
PATH: /usr/local/bin
PATH: /usr/bin
PATH: /bin
PATH: /usr/local/games
PATH: /usr/games


## ----------- ##
## Core tests. ##
## ----------- ##

configure:2213: checking for a BSD-compatible install
configure:2281: result: /usr/bin/install -c
configure:2292: checking whether build environment is sane
configure:2342: result: yes
configure:2391: checking for mips-linux-strip
configure:2418: result: mips-linux-strip
configure:2483: checking for a thread-safe mkdir -p
configure:2522: result: /bin/mkdir -p
configure:2535: checking for gawk
configure:2565: result: no
configure:2535: checking for mawk
configure:2551: found /usr/bin/mawk
configure:2562: result: mawk
configure:2573: checking whether make sets $(MAKE)
configure:2595: result: yes
configure:2688: checking for mips-linux-gcc
configure:2715: result: mips-linux-gcc
configure:2984: checking for C compiler version
configure:2993: mips-linux-gcc --version >&5
mips-linux-xgcc (Realtek RSDK-4.4.7 Build 1471) 4.4.7
Copyright (C) 2010 Free Software Foundation, Inc.
This is free software; see the source for copying conditions.  There is NO
warranty; not even for MERCHANTABILITY or FITNESS FOR A PARTICULAR PURPOSE.

configure:3004: $? = 0
configure:2993: mips-linux-gcc -v >&5
Using built-in specs.
Target: mips-linux-uclibc
Configured with: SDK Builder release 4.4
Thread model: posix
gcc version 4.4.7 (Realtek RSDK-4.4.7 Build 1471) 
configure:3004: $? = 0
configure:2993: mips-linux-gcc -V >&5
mips-linux-xgcc: '-V' must come at the start of the command line
configure:3004: $? = 1
configure:2993: mips-linux-gcc -qversion >&5
mips-linux-xgcc: unrecognized option '-qversion'
mips-linux-xgcc: no input files
configure:3004: $? = 1
configure:3024: checking whether the C compiler works
configure:3046: mips-linux-gcc  -I/home/liupeng/extend/360/RTL-360/user/ruijieclient/libpcap//_install/usr//include -I/home/liupeng/extend/360/RTL-360/user/switch/include -I/home/liupeng/extend/360/RTL-360/user/switch/libzebos/include -I/home/liupeng/extend/360/RTL-360/user/app/ruijie /home/liupeng/extend/360/RTL-360/user/switch/share/libnorouter.so -lm conftest.c  >&5
configure:3050: $? = 0
configure:3098: result: yes
configure:3101: checking for C compiler default output file name
configure:3103: result: a.out
configure:3109: checking for suffix of executables
configure:3116: mips-linux-gcc -o conftest  -I/home/liupeng/extend/360/RTL-360/user/ruijieclient/libpcap//_install/usr//include -I/home/liupeng/extend/360/RTL-360/user/switch/include -I/home/liupeng/extend/360/RTL-360/user/switch/libzebos/include -I/home/liupeng/extend/360/RTL-360/user/app/ruijie /home/liupeng/extend/360/RTL-360/user/switch/share/libnorouter.so -lm conftest.c  >&5
configure:3120: $? = 0
configure:3142: result: 
configure:3164: checking whether we are cross compiling
configure:3172: mips-linux-gcc -o conftest  -I/home/liupeng/extend/360/RTL-360/user/ruijieclient/libpcap//_install/usr//include -I/home/liupeng/extend/360/RTL-360/user/switch/include -I/home/liupeng/extend/360/RTL-360/user/switch/libzebos/include -I/home/liupeng/extend/360/RTL-360/user/app/ruijie /home/liupeng/extend/360/RTL-360/user/switch/share/libnorouter.so -lm conftest.c  >&5
configure:3176: $? = 0
configure:3183: ./conftest
./configure: line 3185: ./conftest: cannot execute binary file
configure:3187: $? = 126
configure:3202: result: yes
configure:3207: checking for suffix of object files
configure:3229: mips-linux-gcc -c  -I/home/liupeng/extend/360/RTL-360/user/ruijieclient/libpcap//_install/usr//include -I/home/liupeng/extend/360/RTL-360/user/switch/include -I/home/liupeng/extend/360/RTL-360/user/switch/libzebos/include -I/home/liupeng/extend/360/RTL-360/user/app/ruijie conftest.c >&5
configure:3233: $? = 0
configure:3254: result: o
configure:3258: checking whether we are using the GNU C compiler
configure:3277: mips-linux-gcc -c  -I/home/liupeng/extend/360/RTL-360/user/ruijieclient/libpcap//_install/usr//include -I/home/liupeng/extend/360/RTL-360/user/switch/include -I/home/liupeng/extend/360/RTL-360/user/switch/libzebos/include -I/home/liupeng/extend/360/RTL-360/user/app/ruijie conftest.c >&5
configure:3277: $? = 0
configure:3286: result: yes
configure:3295: checking whether mips-linux-gcc accepts -g
configure:3315: mips-linux-gcc -c -g -I/home/liupeng/extend/360/RTL-360/user/ruijieclient/libpcap//_install/usr//include -I/home/liupeng/extend/360/RTL-360/user/switch/include -I/home/liupeng/extend/360/RTL-360/user/switch/libzebos/include -I/home/liupeng/extend/360/RTL-360/user/app/ruijie conftest.c >&5
configure:3315: $? = 0
configure:3356: result: yes
configure:3373: checking for mips-linux-gcc option to accept ISO C89
configure:3437: mips-linux-gcc  -c -g -O2 -I/home/liupeng/extend/360/RTL-360/user/ruijieclient/libpcap//_install/usr//include -I/home/liupeng/extend/360/RTL-360/user/switch/include -I/home/liupeng/extend/360/RTL-360/user/switch/libzebos/include -I/home/liupeng/extend/360/RTL-360/user/app/ruijie conftest.c >&5
configure:3437: $? = 0
configure:3450: result: none needed
configure:3481: checking for style of include used by make
configure:3509: result: GNU
configure:3534: checking dependency style of mips-linux-gcc
configure:3644: result: gcc3
configure:3663: checking for mips-linux-ranlib
configure:3690: result: mips-linux-ranlib
configure:3784: checking how to run the C preprocessor
configure:3815: mips-linux-gcc -E -I/home/liupeng/extend/360/RTL-360/user/ruijieclient/libpcap//_install/usr//include -I/home/liupeng/extend/360/RTL-360/user/switch/include -I/home/liupeng/extend/360/RTL-360/user/switch/libzebos/include -I/home/liupeng/extend/360/RTL-360/user/app/ruijie conftest.c
configure:3815: $? = 0
configure:3829: mips-linux-gcc -E -I/home/liupeng/extend/360/RTL-360/user/ruijieclient/libpcap//_install/usr//include -I/home/liupeng/extend/360/RTL-360/user/switch/include -I/home/liupeng/extend/360/RTL-360/user/switch/libzebos/include -I/home/liupeng/extend/360/RTL-360/user/app/ruijie conftest.c
conftest.c:12:28: error: ac_nonexistent.h: No such file or directory
configure:3829: $? = 1
configure: failed program was:
| /* confdefs.h */
| #define PACKAGE_NAME "ruijieclient"
| #define PACKAGE_TARNAME "ruijieclient"
| #define PACKAGE_VERSION "1.0-rc1"
| #define PACKAGE_STRING "ruijieclient 1.0-rc1"
| #define PACKAGE_BUGREPORT "microcai@fedoraproject.org"
| #define PACKAGE_URL ""
| #define PACKAGE "ruijieclient"
| #define VERSION "1.0-rc1"
| #define USE_DYLIBPCAP 1
| /* end confdefs.h.  */
| #include <ac_nonexistent.h>
configure:3854: result: mips-linux-gcc -E
configure:3874: mips-linux-gcc -E -I/home/liupeng/extend/360/RTL-360/user/ruijieclient/libpcap//_install/usr//include -I/home/liupeng/extend/360/RTL-360/user/switch/include -I/home/liupeng/extend/360/RTL-360/user/switch/libzebos/include -I/home/liupeng/extend/360/RTL-360/user/app/ruijie conftest.c
configure:3874: $? = 0
configure:3888: mips-linux-gcc -E -I/home/liupeng/extend/360/RTL-360/user/ruijieclient/libpcap//_install/usr//include -I/home/liupeng/extend/360/RTL-360/user/switch/include -I/home/liupeng/extend/360/RTL-360/user/switch/libzebos/include -I/home/liupeng/extend/360/RTL-360/user/app/ruijie conftest.c
conftest.c:12:28: error: ac_nonexistent.h: No such file or directory
configure:3888: $? = 1
configure: failed program was:
| /* confdefs.h */
| #define PACKAGE_NAME "ruijieclient"
| #define PACKAGE_TARNAME "ruijieclient"
| #define PACKAGE_VERSION "1.0-rc1"
| #define PACKAGE_STRING "ruijieclient 1.0-rc1"
| #define PACKAGE_BUGREPORT "microcai@fedoraproject.org"
| #define PACKAGE_URL ""
| #define PACKAGE "ruijieclient"
| #define VERSION "1.0-rc1"
| #define USE_DYLIBPCAP 1
| /* end confdefs.h.  */
| #include <ac_nonexistent.h>
configure:3917: checking for grep that handles long lines and -e
configure:3975: result: /bin/grep
configure:3980: checking for egrep
configure:4042: result: /bin/grep -E
configure:4047: checking for ANSI C header files
configure:4067: mips-linux-gcc -c -g -O2 -g0 -I/home/liupeng/extend/360/RTL-360/user/ruijieclient/libpcap//_install/usr//include -I/home/liupeng/extend/360/RTL-360/user/switch/include -I/home/liupeng/extend/360/RTL-360/user/switch/libzebos/include -I/home/liupeng/extend/360/RTL-360/user/app/ruijie conftest.c >&5
configure:4067: $? = 0
configure:4151: result: yes
configure:4164: checking for sys/types.h
configure:4164: mips-linux-gcc -c -g -O2 -g0 -I/home/liupeng/extend/360/RTL-360/user/ruijieclient/libpcap//_install/usr//include -I/home/liupeng/extend/360/RTL-360/user/switch/include -I/home/liupeng/extend/360/RTL-360/user/switch/libzebos/include -I/home/liupeng/extend/360/RTL-360/user/app/ruijie conftest.c >&5
configure:4164: $? = 0
configure:4164: result: yes
configure:4164: checking for sys/stat.h
configure:4164: mips-linux-gcc -c -g -O2 -g0 -I/home/liupeng/extend/360/RTL-360/user/ruijieclient/libpcap//_install/usr//include -I/home/liupeng/extend/360/RTL-360/user/switch/include -I/home/liupeng/extend/360/RTL-360/user/switch/libzebos/include -I/home/liupeng/extend/360/RTL-360/user/app/ruijie conftest.c >&5
configure:4164: $? = 0
configure:4164: result: yes
configure:4164: checking for stdlib.h
configure:4164: mips-linux-gcc -c -g -O2 -g0 -I/home/liupeng/extend/360/RTL-360/user/ruijieclient/libpcap//_install/usr//include -I/home/liupeng/extend/360/RTL-360/user/switch/include -I/home/liupeng/extend/360/RTL-360/user/switch/libzebos/include -I/home/liupeng/extend/360/RTL-360/user/app/ruijie conftest.c >&5
configure:4164: $? = 0
configure:4164: result: yes
configure:4164: checking for string.h
configure:4164: mips-linux-gcc -c -g -O2 -g0 -I/home/liupeng/extend/360/RTL-360/user/ruijieclient/libpcap//_install/usr//include -I/home/liupeng/extend/360/RTL-360/user/switch/include -I/home/liupeng/extend/360/RTL-360/user/switch/libzebos/include -I/home/liupeng/extend/360/RTL-360/user/app/ruijie conftest.c >&5
configure:4164: $? = 0
configure:4164: result: yes
configure:4164: checking for memory.h
configure:4164: mips-linux-gcc -c -g -O2 -g0 -I/home/liupeng/extend/360/RTL-360/user/ruijieclient/libpcap//_install/usr//include -I/home/liupeng/extend/360/RTL-360/user/switch/include -I/home/liupeng/extend/360/RTL-360/user/switch/libzebos/include -I/home/liupeng/extend/360/RTL-360/user/app/ruijie conftest.c >&5
configure:4164: $? = 0
configure:4164: result: yes
configure:4164: checking for strings.h
configure:4164: mips-linux-gcc -c -g -O2 -g0 -I/home/liupeng/extend/360/RTL-360/user/ruijieclient/libpcap//_install/usr//include -I/home/liupeng/extend/360/RTL-360/user/switch/include -I/home/liupeng/extend/360/RTL-360/user/switch/libzebos/include -I/home/liupeng/extend/360/RTL-360/user/app/ruijie conftest.c >&5
configure:4164: $? = 0
configure:4164: result: yes
configure:4164: checking for inttypes.h
configure:4164: mips-linux-gcc -c -g -O2 -g0 -I/home/liupeng/extend/360/RTL-360/user/ruijieclient/libpcap//_install/usr//include -I/home/liupeng/extend/360/RTL-360/user/switch/include -I/home/liupeng/extend/360/RTL-360/user/switch/libzebos/include -I/home/liupeng/extend/360/RTL-360/user/app/ruijie conftest.c >&5
configure:4164: $? = 0
configure:4164: result: yes
configure:4164: checking for stdint.h
configure:4164: mips-linux-gcc -c -g -O2 -g0 -I/home/liupeng/extend/360/RTL-360/user/ruijieclient/libpcap//_install/usr//include -I/home/liupeng/extend/360/RTL-360/user/switch/include -I/home/liupeng/extend/360/RTL-360/user/switch/libzebos/include -I/home/liupeng/extend/360/RTL-360/user/app/ruijie conftest.c >&5
configure:4164: $? = 0
configure:4164: result: yes
configure:4164: checking for unistd.h
configure:4164: mips-linux-gcc -c -g -O2 -g0 -I/home/liupeng/extend/360/RTL-360/user/ruijieclient/libpcap//_install/usr//include -I/home/liupeng/extend/360/RTL-360/user/switch/include -I/home/liupeng/extend/360/RTL-360/user/switch/libzebos/include -I/home/liupeng/extend/360/RTL-360/user/app/ruijie conftest.c >&5
configure:4164: $? = 0
configure:4164: result: yes
configure:4176: checking pcap/pcap.h usability
configure:4176: mips-linux-gcc -c -g -O2 -g0 -I/home/liupeng/extend/360/RTL-360/user/ruijieclient/libpcap//_install/usr//include -I/home/liupeng/extend/360/RTL-360/user/switch/include -I/home/liupeng/extend/360/RTL-360/user/switch/libzebos/include -I/home/liupeng/extend/360/RTL-360/user/app/ruijie conftest.c >&5
configure:4176: $? = 0
configure:4176: result: yes
configure:4176: checking pcap/pcap.h presence
configure:4176: mips-linux-gcc -E -I/home/liupeng/extend/360/RTL-360/user/ruijieclient/libpcap//_install/usr//include -I/home/liupeng/extend/360/RTL-360/user/switch/include -I/home/liupeng/extend/360/RTL-360/user/switch/libzebos/include -I/home/liupeng/extend/360/RTL-360/user/app/ruijie conftest.c
configure:4176: $? = 0
configure:4176: result: yes
configure:4176: checking for pcap/pcap.h
configure:4176: result: yes
configure:4188: checking for pcap_close in -lpcap
configure:4213: mips-linux-gcc -o conftest -g -O2 -g0 -I/home/liupeng/extend/360/RTL-360/user/ruijieclient/libpcap//_install/usr//include -I/home/liupeng/extend/360/RTL-360/user/switch/include -I/home/liupeng/extend/360/RTL-360/user/switch/libzebos/include -I/home/liupeng/extend/360/RTL-360/user/app/ruijie /home/liupeng/extend/360/RTL-360/user/switch/share/libnorouter.so -lm conftest.c -lpcap   >&5
/opt/tool/rtl/bin/../lib/gcc/mips-linux-uclibc/4.4.7/../../../../mips-linux-uclibc/bin/ld: cannot find -lpcap
collect2: ld returned 1 exit status
configure:4213: $? = 1
configure: failed program was:
| /* confdefs.h */
| #define PACKAGE_NAME "ruijieclient"
| #define PACKAGE_TARNAME "ruijieclient"
| #define PACKAGE_VERSION "1.0-rc1"
| #define PACKAGE_STRING "ruijieclient 1.0-rc1"
| #define PACKAGE_BUGREPORT "microcai@fedoraproject.org"
| #define PACKAGE_URL ""
| #define PACKAGE "ruijieclient"
| #define VERSION "1.0-rc1"
| #define USE_DYLIBPCAP 1
| #define STDC_HEADERS 1
| #define HAVE_SYS_TYPES_H 1
| #define HAVE_SYS_STAT_H 1
| #define HAVE_STDLIB_H 1
| #define HAVE_STRING_H 1
| #define HAVE_MEMORY_H 1
| #define HAVE_STRINGS_H 1
| #define HAVE_INTTYPES_H 1
| #define HAVE_STDINT_H 1
| #define HAVE_UNISTD_H 1
| /* end confdefs.h.  */
| 
| /* Override any GCC internal prototype to avoid an error.
|    Use char because int might match the return type of a GCC
|    builtin and then its argument prototype would still apply.  */
| #ifdef __cplusplus
| extern "C"
| #endif
| char pcap_close ();
| int
| main ()
| {
| return pcap_close ();
|   ;
|   return 0;
| }
configure:4222: result: no
configure:4244: checking for dlopen in -ldl
configure:4269: mips-linux-gcc -o conftest -g -O2 -g0 -I/home/liupeng/extend/360/RTL-360/user/ruijieclient/libpcap//_install/usr//include -I/home/liupeng/extend/360/RTL-360/user/switch/include -I/home/liupeng/extend/360/RTL-360/user/switch/libzebos/include -I/home/liupeng/extend/360/RTL-360/user/app/ruijie /home/liupeng/extend/360/RTL-360/user/switch/share/libnorouter.so -lm conftest.c -ldl   >&5
configure:4269: $? = 0
configure:4278: result: yes
configure:4297: checking whether byte ordering is bigendian
configure:4312: mips-linux-gcc -c -g -O2 -g0 -I/home/liupeng/extend/360/RTL-360/user/ruijieclient/libpcap//_install/usr//include -I/home/liupeng/extend/360/RTL-360/user/switch/include -I/home/liupeng/extend/360/RTL-360/user/switch/libzebos/include -I/home/liupeng/extend/360/RTL-360/user/app/ruijie conftest.c >&5
conftest.c:24: error: expected '=', ',', ';', 'asm' or '__attribute__' before 'a'
configure:4312: $? = 1
configure: failed program was:
| /* confdefs.h */
| #define PACKAGE_NAME "ruijieclient"
| #define PACKAGE_TARNAME "ruijieclient"
| #define PACKAGE_VERSION "1.0-rc1"
| #define PACKAGE_STRING "ruijieclient 1.0-rc1"
| #define PACKAGE_BUGREPORT "microcai@fedoraproject.org"
| #define PACKAGE_URL ""
| #define PACKAGE "ruijieclient"
| #define VERSION "1.0-rc1"
| #define USE_DYLIBPCAP 1
| #define STDC_HEADERS 1
| #define HAVE_SYS_TYPES_H 1
| #define HAVE_SYS_STAT_H 1
| #define HAVE_STDLIB_H 1
| #define HAVE_STRING_H 1
| #define HAVE_MEMORY_H 1
| #define HAVE_STRINGS_H 1
| #define HAVE_INTTYPES_H 1
| #define HAVE_STDINT_H 1
| #define HAVE_UNISTD_H 1
| #define HAVE_LIBDL 1
| /* end confdefs.h.  */
| #ifndef __APPLE_CC__
| 	       not a universal capable compiler
| 	     #endif
| 	     typedef int dummy;
| 
configure:4357: mips-linux-gcc -c -g -O2 -g0 -I/home/liupeng/extend/360/RTL-360/user/ruijieclient/libpcap//_install/usr//include -I/home/liupeng/extend/360/RTL-360/user/switch/include -I/home/liupeng/extend/360/RTL-360/user/switch/libzebos/include -I/home/liupeng/extend/360/RTL-360/user/app/ruijie conftest.c >&5
configure:4357: $? = 0
configure:4375: mips-linux-gcc -c -g -O2 -g0 -I/home/liupeng/extend/360/RTL-360/user/ruijieclient/libpcap//_install/usr//include -I/home/liupeng/extend/360/RTL-360/user/switch/include -I/home/liupeng/extend/360/RTL-360/user/switch/libzebos/include -I/home/liupeng/extend/360/RTL-360/user/app/ruijie conftest.c >&5
configure:4375: $? = 0
configure:4503: result: yes
configure:4526: checking for memset
configure:4526: mips-linux-gcc -o conftest -g -O2 -g0 -I/home/liupeng/extend/360/RTL-360/user/ruijieclient/libpcap//_install/usr//include -I/home/liupeng/extend/360/RTL-360/user/switch/include -I/home/liupeng/extend/360/RTL-360/user/switch/libzebos/include -I/home/liupeng/extend/360/RTL-360/user/app/ruijie /home/liupeng/extend/360/RTL-360/user/switch/share/libnorouter.so -lm conftest.c -ldl  >&5
conftest.c:47: warning: conflicting types for built-in function 'memset'
configure:4526: $? = 0
configure:4526: result: yes
configure:4526: checking for strerror
configure:4526: mips-linux-gcc -o conftest -g -O2 -g0 -I/home/liupeng/extend/360/RTL-360/user/ruijieclient/libpcap//_install/usr//include -I/home/liupeng/extend/360/RTL-360/user/switch/include -I/home/liupeng/extend/360/RTL-360/user/switch/libzebos/include -I/home/liupeng/extend/360/RTL-360/user/app/ruijie /home/liupeng/extend/360/RTL-360/user/switch/share/libnorouter.so -lm conftest.c -ldl  >&5
configure:4526: $? = 0
configure:4526: result: yes
configure:4536: checking netinet/in.h usability
configure:4536: mips-linux-gcc -c -g -O2 -g0 -I/home/liupeng/extend/360/RTL-360/user/ruijieclient/libpcap//_install/usr//include -I/home/liupeng/extend/360/RTL-360/user/switch/include -I/home/liupeng/extend/360/RTL-360/user/switch/libzebos/include -I/home/liupeng/extend/360/RTL-360/user/app/ruijie conftest.c >&5
configure:4536: $? = 0
configure:4536: result: yes
configure:4536: checking netinet/in.h presence
configure:4536: mips-linux-gcc -E -I/home/liupeng/extend/360/RTL-360/user/ruijieclient/libpcap//_install/usr//include -I/home/liupeng/extend/360/RTL-360/user/switch/include -I/home/liupeng/extend/360/RTL-360/user/switch/libzebos/include -I/home/liupeng/extend/360/RTL-360/user/app/ruijie conftest.c
configure:4536: $? = 0
configure:4536: result: yes
configure:4536: checking for netinet/in.h
configure:4536: result: yes
configure:4542: checking whether INET_ADDRSTRLEN is declared
configure:4542: mips-linux-gcc -c -g -O2 -g0 -I/home/liupeng/extend/360/RTL-360/user/ruijieclient/libpcap//_install/usr//include -I/home/liupeng/extend/360/RTL-360/user/switch/include -I/home/liupeng/extend/360/RTL-360/user/switch/libzebos/include -I/home/liupeng/extend/360/RTL-360/user/app/ruijie conftest.c >&5
configure:4542: $? = 0
configure:4542: result: yes
configure:4555: checking whether SIOCGIFHWADDR is declared
configure:4555: mips-linux-gcc -c -g -O2 -g0 -I/home/liupeng/extend/360/RTL-360/user/ruijieclient/libpcap//_install/usr//include -I/home/liupeng/extend/360/RTL-360/user/switch/include -I/home/liupeng/extend/360/RTL-360/user/switch/libzebos/include -I/home/liupeng/extend/360/RTL-360/user/app/ruijie conftest.c >&5
configure:4555: $? = 0
configure:4555: result: yes
configure:4575: checking net/if_dl.h usability
configure:4575: mips-linux-gcc -c -g -O2 -g0 -I/home/liupeng/extend/360/RTL-360/user/ruijieclient/libpcap//_install/usr//include -I/home/liupeng/extend/360/RTL-360/user/switch/include -I/home/liupeng/extend/360/RTL-360/user/switch/libzebos/include -I/home/liupeng/extend/360/RTL-360/user/app/ruijie conftest.c >&5
conftest.c:60:23: error: net/if_dl.h: No such file or directory
configure:4575: $? = 1
configure: failed program was:
| /* confdefs.h */
| #define PACKAGE_NAME "ruijieclient"
| #define PACKAGE_TARNAME "ruijieclient"
| #define PACKAGE_VERSION "1.0-rc1"
| #define PACKAGE_STRING "ruijieclient 1.0-rc1"
| #define PACKAGE_BUGREPORT "microcai@fedoraproject.org"
| #define PACKAGE_URL ""
| #define PACKAGE "ruijieclient"
| #define VERSION "1.0-rc1"
| #define USE_DYLIBPCAP 1
| #define STDC_HEADERS 1
| #define HAVE_SYS_TYPES_H 1
| #define HAVE_SYS_STAT_H 1
| #define HAVE_STDLIB_H 1
| #define HAVE_STRING_H 1
| #define HAVE_MEMORY_H 1
| #define HAVE_STRINGS_H 1
| #define HAVE_INTTYPES_H 1
| #define HAVE_STDINT_H 1
| #define HAVE_UNISTD_H 1
| #define HAVE_LIBDL 1
| #define WORDS_BIGENDIAN 1
| #define HAVE_MEMSET 1
| #define HAVE_STRERROR 1
| #define OS_LINUX 1
| /* end confdefs.h.  */
| #include <stdio.h>
| #ifdef HAVE_SYS_TYPES_H
| # include <sys/types.h>
| #endif
| #ifdef HAVE_SYS_STAT_H
| # include <sys/stat.h>
| #endif
| #ifdef STDC_HEADERS
| # include <stdlib.h>
| # include <stddef.h>
| #else
| # ifdef HAVE_STDLIB_H
| #  include <stdlib.h>
| # endif
| #endif
| #ifdef HAVE_STRING_H
| # if !defined STDC_HEADERS && defined HAVE_MEMORY_H
| #  include <memory.h>
| # endif
| # include <string.h>
| #endif
| #ifdef HAVE_STRINGS_H
| # include <strings.h>
| #endif
| #ifdef HAVE_INTTYPES_H
| # include <inttypes.h>
| #endif
| #ifdef HAVE_STDINT_H
| # include <stdint.h>
| #endif
| #ifdef HAVE_UNISTD_H
| # include <unistd.h>
| #endif
| #include <net/if_dl.h>
configure:4575: result: no
configure:4575: checking net/if_dl.h presence
configure:4575: mips-linux-gcc -E -I/home/liupeng/extend/360/RTL-360/user/ruijieclient/libpcap//_install/usr//include -I/home/liupeng/extend/360/RTL-360/user/switch/include -I/home/liupeng/extend/360/RTL-360/user/switch/libzebos/include -I/home/liupeng/extend/360/RTL-360/user/app/ruijie conftest.c
conftest.c:27:23: error: net/if_dl.h: No such file or directory
configure:4575: $? = 1
configure: failed program was:
| /* confdefs.h */
| #define PACKAGE_NAME "ruijieclient"
| #define PACKAGE_TARNAME "ruijieclient"
| #define PACKAGE_VERSION "1.0-rc1"
| #define PACKAGE_STRING "ruijieclient 1.0-rc1"
| #define PACKAGE_BUGREPORT "microcai@fedoraproject.org"
| #define PACKAGE_URL ""
| #define PACKAGE "ruijieclient"
| #define VERSION "1.0-rc1"
| #define USE_DYLIBPCAP 1
| #define STDC_HEADERS 1
| #define HAVE_SYS_TYPES_H 1
| #define HAVE_SYS_STAT_H 1
| #define HAVE_STDLIB_H 1
| #define HAVE_STRING_H 1
| #define HAVE_MEMORY_H 1
| #define HAVE_STRINGS_H 1
| #define HAVE_INTTYPES_H 1
| #define HAVE_STDINT_H 1
| #define HAVE_UNISTD_H 1
| #define HAVE_LIBDL 1
| #define WORDS_BIGENDIAN 1
| #define HAVE_MEMSET 1
| #define HAVE_STRERROR 1
| #define OS_LINUX 1
| /* end confdefs.h.  */
| #include <net/if_dl.h>
configure:4575: result: no
configure:4575: checking for net/if_dl.h
configure:4575: result: no
configure:4600: checking iconv.h usability
configure:4600: mips-linux-gcc -c -g -O2 -g0 -I/home/liupeng/extend/360/RTL-360/user/ruijieclient/libpcap//_install/usr//include -I/home/liupeng/extend/360/RTL-360/user/switch/include -I/home/liupeng/extend/360/RTL-360/user/switch/libzebos/include -I/home/liupeng/extend/360/RTL-360/user/app/ruijie conftest.c >&5
configure:4600: $? = 0
configure:4600: result: yes
configure:4600: checking iconv.h presence
configure:4600: mips-linux-gcc -E -I/home/liupeng/extend/360/RTL-360/user/ruijieclient/libpcap//_install/usr//include -I/home/liupeng/extend/360/RTL-360/user/switch/include -I/home/liupeng/extend/360/RTL-360/user/switch/libzebos/include -I/home/liupeng/extend/360/RTL-360/user/app/ruijie conftest.c
configure:4600: $? = 0
configure:4600: result: yes
configure:4600: checking for iconv.h
configure:4600: result: yes
configure:4600: checking arpa/inet.h usability
configure:4600: mips-linux-gcc -c -g -O2 -g0 -I/home/liupeng/extend/360/RTL-360/user/ruijieclient/libpcap//_install/usr//include -I/home/liupeng/extend/360/RTL-360/user/switch/include -I/home/liupeng/extend/360/RTL-360/user/switch/libzebos/include -I/home/liupeng/extend/360/RTL-360/user/app/ruijie conftest.c >&5
configure:4600: $? = 0
configure:4600: result: yes
configure:4600: checking arpa/inet.h presence
configure:4600: mips-linux-gcc -E -I/home/liupeng/extend/360/RTL-360/user/ruijieclient/libpcap//_install/usr//include -I/home/liupeng/extend/360/RTL-360/user/switch/include -I/home/liupeng/extend/360/RTL-360/user/switch/libzebos/include -I/home/liupeng/extend/360/RTL-360/user/app/ruijie conftest.c
configure:4600: $? = 0
configure:4600: result: yes
configure:4600: checking for arpa/inet.h
configure:4600: result: yes
configure:4600: checking for stdlib.h
configure:4600: result: yes
configure:4600: checking for string.h
configure:4600: result: yes
configure:4600: checking sys/socket.h usability
configure:4600: mips-linux-gcc -c -g -O2 -g0 -I/home/liupeng/extend/360/RTL-360/user/ruijieclient/libpcap//_install/usr//include -I/home/liupeng/extend/360/RTL-360/user/switch/include -I/home/liupeng/extend/360/RTL-360/user/switch/libzebos/include -I/home/liupeng/extend/360/RTL-360/user/app/ruijie conftest.c >&5
configure:4600: $? = 0
configure:4600: result: yes
configure:4600: checking sys/socket.h presence
configure:4600: mips-linux-gcc -E -I/home/liupeng/extend/360/RTL-360/user/ruijieclient/libpcap//_install/usr//include -I/home/liupeng/extend/360/RTL-360/user/switch/include -I/home/liupeng/extend/360/RTL-360/user/switch/libzebos/include -I/home/liupeng/extend/360/RTL-360/user/app/ruijie conftest.c
configure:4600: $? = 0
configure:4600: result: yes
configure:4600: checking for sys/socket.h
configure:4600: result: yes
configure:4600: checking sys/time.h usability
configure:4600: mips-linux-gcc -c -g -O2 -g0 -I/home/liupeng/extend/360/RTL-360/user/ruijieclient/libpcap//_install/usr//include -I/home/liupeng/extend/360/RTL-360/user/switch/include -I/home/liupeng/extend/360/RTL-360/user/switch/libzebos/include -I/home/liupeng/extend/360/RTL-360/user/app/ruijie conftest.c >&5
configure:4600: $? = 0
configure:4600: result: yes
configure:4600: checking sys/time.h presence
configure:4600: mips-linux-gcc -E -I/home/liupeng/extend/360/RTL-360/user/ruijieclient/libpcap//_install/usr//include -I/home/liupeng/extend/360/RTL-360/user/switch/include -I/home/liupeng/extend/360/RTL-360/user/switch/libzebos/include -I/home/liupeng/extend/360/RTL-360/user/app/ruijie conftest.c
configure:4600: $? = 0
configure:4600: result: yes
configure:4600: checking for sys/time.h
configure:4600: result: yes
configure:4600: checking for unistd.h
configure:4600: result: yes
configure:4600: checking net/ethernet.h usability
configure:4600: mips-linux-gcc -c -g -O2 -g0 -I/home/liupeng/extend/360/RTL-360/user/ruijieclient/libpcap//_install/usr//include -I/home/liupeng/extend/360/RTL-360/user/switch/include -I/home/liupeng/extend/360/RTL-360/user/switch/libzebos/include -I/home/liupeng/extend/360/RTL-360/user/app/ruijie conftest.c >&5
configure:4600: $? = 0
configure:4600: result: yes
configure:4600: checking net/ethernet.h presence
configure:4600: mips-linux-gcc -E -I/home/liupeng/extend/360/RTL-360/user/ruijieclient/libpcap//_install/usr//include -I/home/liupeng/extend/360/RTL-360/user/switch/include -I/home/liupeng/extend/360/RTL-360/user/switch/libzebos/include -I/home/liupeng/extend/360/RTL-360/user/app/ruijie conftest.c
configure:4600: $? = 0
configure:4600: result: yes
configure:4600: checking for net/ethernet.h
configure:4600: result: yes
configure:4613: checking for linux/rtnetlink.h
configure:4613: mips-linux-gcc -c -g -O2 -g0 -I/home/liupeng/extend/360/RTL-360/user/ruijieclient/libpcap//_install/usr//include -I/home/liupeng/extend/360/RTL-360/user/switch/include -I/home/liupeng/extend/360/RTL-360/user/switch/libzebos/include -I/home/liupeng/extend/360/RTL-360/user/app/ruijie conftest.c >&5
configure:4613: $? = 0
configure:4613: result: yes
configure:4628: checking for linux/rtnetlink.h
configure:4628: result: yes
configure:4773: creating ./config.status

## ---------------------- ##
## Running config.status. ##
## ---------------------- ##

This file was extended by ruijieclient config.status 1.0-rc1, which was
generated by GNU Autoconf 2.68.  Invocation command line was

  CONFIG_FILES    = 
  CONFIG_HEADERS  = 
  CONFIG_LINKS    = 
  CONFIG_COMMANDS = 
  $ ./config.status 

on lp

config.status:880: creating Makefile
config.status:880: creating packet/Makefile
config.status:880: creating src/Makefile
config.status:880: creating ruijieclient.spec
config.status:880: creating config.h
config.status:1061: config.h is unchanged
config.status:1109: executing depfiles commands

## ---------------- ##
## Cache variables. ##
## ---------------- ##

ac_cv_c_bigendian=yes
ac_cv_c_compiler_gnu=yes
ac_cv_env_CC_set=set
ac_cv_env_CC_value=mips-linux-gcc
ac_cv_env_CFLAGS_set=
ac_cv_env_CFLAGS_value=
ac_cv_env_CPPFLAGS_set=set
ac_cv_env_CPPFLAGS_value='-I/home/liupeng/extend/360/RTL-360/user/ruijieclient/libpcap//_install/usr//include -I/home/liupeng/extend/360/RTL-360/user/switch/include -I/home/liupeng/extend/360/RTL-360/user/switch/libzebos/include -I/home/liupeng/extend/360/RTL-360/user/app/ruijie'
ac_cv_env_CPP_set=
ac_cv_env_CPP_value=
ac_cv_env_LDFLAGS_set=set
ac_cv_env_LDFLAGS_value='/home/liupeng/extend/360/RTL-360/user/switch/share/libnorouter.so -lm'
ac_cv_env_LIBS_set=
ac_cv_env_LIBS_value=
ac_cv_env_build_alias_set=
ac_cv_env_build_alias_value=
ac_cv_env_host_alias_set=set
ac_cv_env_host_alias_value=mips-linux
ac_cv_env_target_alias_set=
ac_cv_env_target_alias_value=
ac_cv_func_memset=yes
ac_cv_func_strerror=yes
ac_cv_have_decl_INET_ADDRSTRLEN=yes
ac_cv_have_decl_SIOCGIFHWADDR=yes
ac_cv_header_arpa_inet_h=yes
ac_cv_header_iconv_h=yes
ac_cv_header_inttypes_h=yes
ac_cv_header_linux_rtnetlink_h=yes
ac_cv_header_memory_h=yes
ac_cv_header_net_ethernet_h=yes
ac_cv_header_net_if_dl_h=no
ac_cv_header_netinet_in_h=yes
ac_cv_header_pcap_pcap_h=yes
ac_cv_header_stdc=yes
ac_cv_header_stdint_h=yes
ac_cv_header_stdlib_h=yes
ac_cv_header_string_h=yes
ac_cv_header_strings_h=yes
ac_cv_header_sys_socket_h=yes
ac_cv_header_sys_stat_h=yes
ac_cv_header_sys_time_h=yes
ac_cv_header_sys_types_h=yes
ac_cv_header_unistd_h=yes
ac_cv_lib_dl_dlopen=yes
ac_cv_lib_pcap_pcap_close=no
ac_cv_objext=o
ac_cv_path_EGREP='/bin/grep -E'
ac_cv_path_GREP=/bin/grep
ac_cv_path_install='/usr/bin/install -c'
ac_cv_path_mkdir=/bin/mkdir
ac_cv_prog_AWK=mawk
ac_cv_prog_CC=mips-linux-gcc
ac_cv_prog_CPP='mips-linux-gcc -E'
ac_cv_prog_RANLIB=mips-linux-ranlib
ac_cv_prog_STRIP=mips-linux-strip
ac_cv_prog_cc_c89=
ac_cv_prog_cc_g=yes
ac_cv_prog_make_make_set=yes
am_cv_CC_dependencies_compiler_type=gcc3

## ----------------- ##
## Output variables. ##
## ----------------- ##

ACLOCAL='${SHELL} /home/liupeng/extend/360/RTL-360/user/app/ruijie/ruijieclient/ruijieclient-1.0-rc1/missing --run aclocal-1.11'
AMDEPBACKSLASH='\'
AMDEP_FALSE='#'
AMDEP_TRUE=''
AMTAR='${SHELL} /home/liupeng/extend/360/RTL-360/user/app/ruijie/ruijieclient/ruijieclient-1.0-rc1/missing --run tar'
AUTOCONF='${SHELL} /home/liupeng/extend/360/RTL-360/user/app/ruijie/ruijieclient/ruijieclient-1.0-rc1/missing --run autoconf'
AUTOHEADER='${SHELL} /home/liupeng/extend/360/RTL-360/user/app/ruijie/ruijieclient/ruijieclient-1.0-rc1/missing --run autoheader'
AUTOMAKE='${SHELL} /home/liupeng/extend/360/RTL-360/user/app/ruijie/ruijieclient/ruijieclient-1.0-rc1/missing --run automake-1.11'
AWK='mawk'
CC='mips-linux-gcc'
CCDEPMODE='depmode=gcc3'
CFLAGS='-g -O2 -g0'
CPP='mips-linux-gcc -E'
CPPFLAGS='-I/home/liupeng/extend/360/RTL-360/user/ruijieclient/libpcap//_install/usr//include -I/home/liupeng/extend/360/RTL-360/user/switch/include -I/home/liupeng/extend/360/RTL-360/user/switch/libzebos/include -I/home/liupeng/extend/360/RTL-360/user/app/ruijie'
CYGPATH_W='echo'
DEFS='-DHAVE_CONFIG_H'
DEPDIR='.deps'
ECHO_C=''
ECHO_N='-n'
ECHO_T=''
EGREP='/bin/grep -E'
EXEEXT=''
GREP='/bin/grep'
INSTALL_DATA='${INSTALL} -m 644'
INSTALL_PROGRAM='${INSTALL}'
INSTALL_SCRIPT='${INSTALL}'
INSTALL_STRIP_PROGRAM='$(install_sh) -c -s'
LDFLAGS='/home/liupeng/extend/360/RTL-360/user/switch/share/libnorouter.so -lm'
LIBOBJS=''
LIBS='-ldl '
LTLIBOBJS=''
MAKEINFO='${SHELL} /home/liupeng/extend/360/RTL-360/user/app/ruijie/ruijieclient/ruijieclient-1.0-rc1/missing --run makeinfo'
MKDIR_P='/bin/mkdir -p'
OBJEXT='o'
PACKAGE='ruijieclient'
PACKAGE_BUGREPORT='microcai@fedoraproject.org'
PACKAGE_NAME='ruijieclient'
PACKAGE_STRING='ruijieclient 1.0-rc1'
PACKAGE_TARNAME='ruijieclient'
PACKAGE_URL=''
PACKAGE_VERSION='1.0-rc1'
PATH_SEPARATOR=':'
RANLIB='mips-linux-ranlib'
SET_MAKE=''
SHELL='/bin/bash'
STRIP='mips-linux-strip'
VERSION='1.0-rc1'
ac_ct_CC=''
am__EXEEXT_FALSE=''
am__EXEEXT_TRUE='#'
am__fastdepCC_FALSE='#'
am__fastdepCC_TRUE=''
am__include='include'
am__isrc=''
am__leading_dot='.'
am__quote=''
am__tar='${AMTAR} chof - "$$tardir"'
am__untar='${AMTAR} xf -'
bindir='${exec_prefix}/bin'
build_alias=''
datadir='${datarootdir}'
datarootdir='${prefix}/share'
docdir='${datarootdir}/doc/${PACKAGE_TARNAME}'
dvidir='${docdir}'
exec_prefix='${prefix}'
host_alias='mips-linux'
htmldir='${docdir}'
includedir='${prefix}/include'
infodir='${datarootdir}/info'
install_sh='${SHELL} /home/liupeng/extend/360/RTL-360/user/app/ruijie/ruijieclient/ruijieclient-1.0-rc1/install-sh'
libdir='${exec_prefix}/lib'
libexecdir='${exec_prefix}/libexec'
localedir='${datarootdir}/locale'
localstatedir='${prefix}/var'
mandir='${datarootdir}/man'
mkdir_p='/bin/mkdir -p'
oldincludedir='/usr/include'
pdfdir='${docdir}'
prefix='/usr/local'
program_transform_name='s,x,x,'
psdir='${docdir}'
sbindir='${exec_prefix}/sbin'
sharedstatedir='${prefix}/com'
sysconfdir='${prefix}/etc'
target_alias=''

## ----------- ##
## confdefs.h. ##
## ----------- ##

/* confdefs.h */
#define PACKAGE_NAME "ruijieclient"
#define PACKAGE_TARNAME "ruijieclient"
#define PACKAGE_VERSION "1.0-rc1"
#define PACKAGE_STRING "ruijieclient 1.0-rc1"
#define PACKAGE_BUGREPORT "microcai@fedoraproject.org"
#define PACKAGE_URL ""
#define PACKAGE "ruijieclient"
#define VERSION "1.0-rc1"
#define USE_DYLIBPCAP 1
#define STDC_HEADERS 1
#define HAVE_SYS_TYPES_H 1
#define HAVE_SYS_STAT_H 1
#define HAVE_STDLIB_H 1
#define HAVE_STRING_H 1
#define HAVE_MEMORY_H 1
#define HAVE_STRINGS_H 1
#define HAVE_INTTYPES_H 1
#define HAVE_STDINT_H 1
#define HAVE_UNISTD_H 1
#define HAVE_LIBDL 1
#define WORDS_BIGENDIAN 1
#define HAVE_MEMSET 1
#define HAVE_STRERROR 1
#define OS_LINUX 1
#define HAVE_ICONV_H 1
#define HAVE_ARPA_INET_H 1
#define HAVE_STDLIB_H 1
#define HAVE_STRING_H 1
#define HAVE_SYS_SOCKET_H 1
#define HAVE_SYS_TIME_H 1
#define HAVE_UNISTD_H 1
#define HAVE_NET_ETHERNET_H 1
#define HAVE_LINUX_RTNETLINK_H 1
#define HAVE_LINUX_RTNETLINK_H 1

configure: exit 0
